[2025-03-18 03:00:01.903] [error] Exception: RuntimeException: Authentication failed: Request failed: Client error: `GET https://apisandbox.safaricom.et/v1/token/generate?grant_type=client_credentials` resulted in a `401 Unauthorized` response:

                {
                    "resultCode": "999991",
                    "resultDesc": "Invalid client id pass (truncated...)
 in C:\Users\Mesa\Desktop\New folder\src\Base\BaseMpesa.php:209 {"operation":"STK Push","phone":"251700404709","amount":20,"exception":{"class":"RuntimeException","message":"Authentication failed: Request failed: Client error: `GET https://apisandbox.safaricom.et/v1/token/generate?grant_type=client_credentials` resulted in a `401 Unauthorized` response:\n\n                {\n                    \"resultCode\": \"999991\",\n                    \"resultDesc\": \"Invalid client id pass (truncated...)\n","code":0,"file":"C:\\Users\\Mesa\\Desktop\\New folder\\src\\Base\\BaseMpesa.php","line":209,"trace":"#0 C:\\Users\\Mesa\\Desktop\\New folder\\examples\\LoggingExample.php(45): MesaSDK\\PhpMpesa\\Base\\BaseMpesa->authenticate()\n#1 {main}"},"previous_exception":{"class":"MesaSDK\\PhpMpesa\\Exceptions\\MpesaException","message":"Request failed: Client error: `GET https://apisandbox.safaricom.et/v1/token/generate?grant_type=client_credentials` resulted in a `401 Unauthorized` response:\n\n                {\n                    \"resultCode\": \"999991\",\n                    \"resultDesc\": \"Invalid client id pass (truncated...)\n","code":0}}
[2025-03-18 03:00:01.911] [emergency] Critical system error {"error":"Database connection failed","server":"primary"}
[2025-03-18 03:00:01.912] [alert] Security alert {"ip":"192.168.1.1","attempt":"unauthorized access"}
[2025-03-18 03:00:01.913] [critical] Payment processing failed {"transaction_id":"123","reason":"timeout"}
[2025-03-18 03:00:01.914] [error] Invalid API response {"response":"error 404","endpoint":"/api/payments"}
[2025-03-18 03:00:01.915] [warning] Deprecated method used {"method":"oldMethod","alternative":"newMethod"}
[2025-03-18 03:00:01.916] [notice] User action required {"action":"verify_phone","user_id":"12345"}
[2025-03-18 03:00:01.917] [info] Transaction successful {"amount":1000,"reference":"TRX123"}
[2025-03-18 03:00:01.918] [debug] Debug information {"request_id":"abc123","processing_time":"2.5s"}
[2025-03-18 03:53:44.439] [error] Exception: RuntimeException: Authentication failed: Request failed: Client error: `GET https://apisandbox.safaricom.et/v1/token/generate?grant_type=client_credentials` resulted in a `401 Unauthorized` response:

                {
                    "resultCode": "999991",
                    "resultDesc": "Invalid client id pass (truncated...)
 in C:\Users\Mesa\Desktop\New folder\src\Base\BaseMpesa.php:209 {"operation":"STK Push","phone":"251700404709","amount":20,"exception":{"class":"RuntimeException","message":"Authentication failed: Request failed: Client error: `GET https://apisandbox.safaricom.et/v1/token/generate?grant_type=client_credentials` resulted in a `401 Unauthorized` response:\n\n                {\n                    \"resultCode\": \"999991\",\n                    \"resultDesc\": \"Invalid client id pass (truncated...)\n","code":0,"file":"C:\\Users\\Mesa\\Desktop\\New folder\\src\\Base\\BaseMpesa.php","line":209,"trace":"#0 C:\\Users\\Mesa\\Desktop\\New folder\\examples\\LoggingExample.php(45): MesaSDK\\PhpMpesa\\Base\\BaseMpesa->authenticate()\n#1 {main}"},"previous_exception":{"class":"MesaSDK\\PhpMpesa\\Exceptions\\MpesaException","message":"Request failed: Client error: `GET https://apisandbox.safaricom.et/v1/token/generate?grant_type=client_credentials` resulted in a `401 Unauthorized` response:\n\n                {\n                    \"resultCode\": \"999991\",\n                    \"resultDesc\": \"Invalid client id pass (truncated...)\n","code":0}}
[2025-03-18 03:53:44.447] [emergency] Critical system error {"error":"Database connection failed","server":"primary"}
[2025-03-18 03:53:44.448] [alert] Security alert {"ip":"192.168.1.1","attempt":"unauthorized access"}
[2025-03-18 03:53:44.449] [critical] Payment processing failed {"transaction_id":"123","reason":"timeout"}
[2025-03-18 03:53:44.450] [error] Invalid API response {"response":"error 404","endpoint":"/api/payments"}
[2025-03-18 03:53:44.451] [warning] Deprecated method used {"method":"oldMethod","alternative":"newMethod"}
[2025-03-18 03:53:44.452] [notice] User action required {"action":"verify_phone","user_id":"12345"}
[2025-03-18 03:53:44.454] [info] Transaction successful {"amount":1000,"reference":"TRX123"}
[2025-03-18 03:53:44.455] [debug] Debug information {"request_id":"abc123","processing_time":"2.5s"}
